Copyright 1986-2019 Xilinx, Inc. All Rights Reserved.
------------------------------------------------------------------------------------
| Tool Version : Vivado v.2019.2 (win64) Build 2708876 Wed Nov  6 21:40:23 MST 2019
| Date         : Wed Nov  9 23:34:03 2022
| Host         : LAPTOP-JOPBKSTS running 64-bit major release  (build 9200)
| Command      : upgrade_ip
| Device       : xc7z020clg400-2
------------------------------------------------------------------------------------

Upgrade Log for IP 'system_VIP_moving_detect_0_0'

1. Summary
----------

SUCCESS in the upgrade of system_VIP_moving_detect_0_0 (xilinx.com:user:VIP_moving_detect:1.0) from (Rev. 35) to (Rev. 36)






Copyright 1986-2019 Xilinx, Inc. All Rights Reserved.
------------------------------------------------------------------------------------
| Tool Version : Vivado v.2019.2 (win64) Build 2708876 Wed Nov  6 21:40:23 MST 2019
| Date         : Wed Nov  9 23:16:26 2022
| Host         : LAPTOP-JOPBKSTS running 64-bit major release  (build 9200)
| Command      : upgrade_ip
| Device       : xc7z020clg400-2
------------------------------------------------------------------------------------

Upgrade Log for IP 'system_VIP_moving_detect_0_0'

1. Summary
----------

SUCCESS in the upgrade of system_VIP_moving_detect_0_0 (xilinx.com:user:VIP_moving_detect:1.0) from (Rev. 34) to (Rev. 35)






Copyright 1986-2019 Xilinx, Inc. All Rights Reserved.
------------------------------------------------------------------------------------
| Tool Version : Vivado v.2019.2 (win64) Build 2708876 Wed Nov  6 21:40:23 MST 2019
| Date         : Wed Nov  9 22:54:52 2022
| Host         : LAPTOP-JOPBKSTS running 64-bit major release  (build 9200)
| Command      : upgrade_ip
| Device       : xc7z020clg400-2
------------------------------------------------------------------------------------

Upgrade Log for IP 'system_VIP_moving_detect_0_0'

1. Summary
----------

SUCCESS in the upgrade of system_VIP_moving_detect_0_0 (xilinx.com:user:VIP_moving_detect:1.0) from (Rev. 33) to (Rev. 34)






Copyright 1986-2019 Xilinx, Inc. All Rights Reserved.
------------------------------------------------------------------------------------
| Tool Version : Vivado v.2019.2 (win64) Build 2708876 Wed Nov  6 21:40:23 MST 2019
| Date         : Wed Nov  9 22:45:07 2022
| Host         : LAPTOP-JOPBKSTS running 64-bit major release  (build 9200)
| Command      : upgrade_ip
| Device       : xc7z020clg400-2
------------------------------------------------------------------------------------

Upgrade Log for IP 'system_VIP_moving_detect_0_0'

1. Summary
----------

SUCCESS in the upgrade of system_VIP_moving_detect_0_0 (xilinx.com:user:VIP_moving_detect:1.0) from (Rev. 32) to (Rev. 33)






Copyright 1986-2019 Xilinx, Inc. All Rights Reserved.
------------------------------------------------------------------------------------
| Tool Version : Vivado v.2019.2 (win64) Build 2708876 Wed Nov  6 21:40:23 MST 2019
| Date         : Wed Nov  9 21:50:52 2022
| Host         : LAPTOP-JOPBKSTS running 64-bit major release  (build 9200)
| Command      : upgrade_ip
| Device       : xc7z020clg400-2
------------------------------------------------------------------------------------

Upgrade Log for IP 'system_VIP_moving_detect_0_0'

1. Summary
----------

SUCCESS in the upgrade of system_VIP_moving_detect_0_0 (xilinx.com:user:VIP_moving_detect:1.0) from (Rev. 31) to (Rev. 32)






Copyright 1986-2019 Xilinx, Inc. All Rights Reserved.
------------------------------------------------------------------------------------
| Tool Version : Vivado v.2019.2 (win64) Build 2708876 Wed Nov  6 21:40:23 MST 2019
| Date         : Wed Nov  9 20:56:11 2022
| Host         : LAPTOP-JOPBKSTS running 64-bit major release  (build 9200)
| Command      : upgrade_ip
| Device       : xc7z020clg400-2
------------------------------------------------------------------------------------

Upgrade Log for IP 'system_VIP_moving_detect_0_0'

1. Summary
----------

SUCCESS in the upgrade of system_VIP_moving_detect_0_0 (xilinx.com:user:VIP_moving_detect:1.0) from (Rev. 30) to (Rev. 31)






Copyright 1986-2019 Xilinx, Inc. All Rights Reserved.
------------------------------------------------------------------------------------
| Tool Version : Vivado v.2019.2 (win64) Build 2708876 Wed Nov  6 21:40:23 MST 2019
| Date         : Wed Nov  9 20:36:09 2022
| Host         : LAPTOP-JOPBKSTS running 64-bit major release  (build 9200)
| Command      : upgrade_ip
| Device       : xc7z020clg400-2
------------------------------------------------------------------------------------

Upgrade Log for IP 'system_VIP_moving_detect_0_0'

1. Summary
----------

SUCCESS in the upgrade of system_VIP_moving_detect_0_0 (xilinx.com:user:VIP_moving_detect:1.0) from (Rev. 29) to (Rev. 30)






Copyright 1986-2019 Xilinx, Inc. All Rights Reserved.
------------------------------------------------------------------------------------
| Tool Version : Vivado v.2019.2 (win64) Build 2708876 Wed Nov  6 21:40:23 MST 2019
| Date         : Wed Nov  9 20:32:27 2022
| Host         : LAPTOP-JOPBKSTS running 64-bit major release  (build 9200)
| Command      : upgrade_ip
| Device       : xc7z020clg400-2
------------------------------------------------------------------------------------

Upgrade Log for IP 'system_VIP_moving_detect_0_0'

1. Summary
----------

SUCCESS in the upgrade of system_VIP_moving_detect_0_0 (xilinx.com:user:VIP_moving_detect:1.0) from (Rev. 28) to (Rev. 29)






Copyright 1986-2019 Xilinx, Inc. All Rights Reserved.
------------------------------------------------------------------------------------
| Tool Version : Vivado v.2019.2 (win64) Build 2708876 Wed Nov  6 21:40:23 MST 2019
| Date         : Mon Nov  7 23:28:46 2022
| Host         : LAPTOP-JOPBKSTS running 64-bit major release  (build 9200)
| Command      : upgrade_ip
| Device       : xc7z020clg400-2
------------------------------------------------------------------------------------

Upgrade Log for IP 'system_VIP_moving_detect_0_0'

1. Summary
----------

SUCCESS in the upgrade of system_VIP_moving_detect_0_0 (xilinx.com:user:VIP_moving_detect:1.0) from (Rev. 27) to (Rev. 28)






Copyright 1986-2019 Xilinx, Inc. All Rights Reserved.
------------------------------------------------------------------------------------
| Tool Version : Vivado v.2019.2 (win64) Build 2708876 Wed Nov  6 21:40:23 MST 2019
| Date         : Mon Nov  7 22:38:30 2022
| Host         : LAPTOP-JOPBKSTS running 64-bit major release  (build 9200)
| Command      : upgrade_ip
| Device       : xc7z020clg400-2
------------------------------------------------------------------------------------

Upgrade Log for IP 'system_audio_loopback_0_0'

1. Summary
----------

SUCCESS in the upgrade of system_audio_loopback_0_0 (xilinx.com:user:audio_loopback:1.0) from (Rev. 14) to (Rev. 15)






Copyright 1986-2019 Xilinx, Inc. All Rights Reserved.
------------------------------------------------------------------------------------
| Tool Version : Vivado v.2019.2 (win64) Build 2708876 Wed Nov  6 21:40:23 MST 2019
| Date         : Mon Nov  7 22:33:33 2022
| Host         : LAPTOP-JOPBKSTS running 64-bit major release  (build 9200)
| Command      : upgrade_ip
| Device       : xc7z020clg400-2
------------------------------------------------------------------------------------

Upgrade Log for IP 'system_audio_loopback_0_0'

1. Summary
----------

SUCCESS in the upgrade of system_audio_loopback_0_0 (xilinx.com:user:audio_loopback:1.0) from (Rev. 13) to (Rev. 14)






Copyright 1986-2019 Xilinx, Inc. All Rights Reserved.
------------------------------------------------------------------------------------
| Tool Version : Vivado v.2019.2 (win64) Build 2708876 Wed Nov  6 21:40:23 MST 2019
| Date         : Mon Nov  7 21:58:46 2022
| Host         : LAPTOP-JOPBKSTS running 64-bit major release  (build 9200)
| Command      : upgrade_ip
| Device       : xc7z020clg400-2
------------------------------------------------------------------------------------

Upgrade Log for IP 'system_VIP_moving_detect_0_0'

1. Summary
----------

SUCCESS in the upgrade of system_VIP_moving_detect_0_0 (xilinx.com:user:VIP_moving_detect:1.0) from (Rev. 26) to (Rev. 27)






Copyright 1986-2019 Xilinx, Inc. All Rights Reserved.
------------------------------------------------------------------------------------
| Tool Version : Vivado v.2019.2 (win64) Build 2708876 Wed Nov  6 21:40:23 MST 2019
| Date         : Mon Nov  7 21:55:44 2022
| Host         : LAPTOP-JOPBKSTS running 64-bit major release  (build 9200)
| Command      : upgrade_ip
| Device       : xc7z020clg400-2
------------------------------------------------------------------------------------

Upgrade Log for IP 'system_audio_loopback_0_0'

1. Summary
----------

SUCCESS in the upgrade of system_audio_loopback_0_0 (xilinx.com:user:audio_loopback:1.0) from (Rev. 12) to (Rev. 13)






Copyright 1986-2019 Xilinx, Inc. All Rights Reserved.
------------------------------------------------------------------------------------
| Tool Version : Vivado v.2019.2 (win64) Build 2708876 Wed Nov  6 21:40:23 MST 2019
| Date         : Sat Nov  5 21:22:27 2022
| Host         : LAPTOP-JOPBKSTS running 64-bit major release  (build 9200)
| Command      : upgrade_ip
| Device       : xc7z020clg400-2
------------------------------------------------------------------------------------

Upgrade Log for IP 'system_VIP_moving_detect_0_0'

1. Summary
----------

SUCCESS in the upgrade of system_VIP_moving_detect_0_0 (xilinx.com:user:VIP_moving_detect:1.0) from (Rev. 24) to (Rev. 26)






Copyright 1986-2019 Xilinx, Inc. All Rights Reserved.
------------------------------------------------------------------------------------
| Tool Version : Vivado v.2019.2 (win64) Build 2708876 Wed Nov  6 21:40:23 MST 2019
| Date         : Sat Nov  5 20:33:36 2022
| Host         : LAPTOP-JOPBKSTS running 64-bit major release  (build 9200)
| Command      : upgrade_ip
| Device       : xc7z020clg400-2
------------------------------------------------------------------------------------

Upgrade Log for IP 'system_audio_loopback_0_0'

1. Summary
----------

SUCCESS in the upgrade of system_audio_loopback_0_0 (xilinx.com:user:audio_loopback:1.0) from (Rev. 11) to (Rev. 12)






Copyright 1986-2019 Xilinx, Inc. All Rights Reserved.
------------------------------------------------------------------------------------
| Tool Version : Vivado v.2019.2 (win64) Build 2708876 Wed Nov  6 21:40:23 MST 2019
| Date         : Sat Nov  5 18:54:29 2022
| Host         : LAPTOP-JOPBKSTS running 64-bit major release  (build 9200)
| Command      : upgrade_ip
| Device       : xc7z020clg400-2
------------------------------------------------------------------------------------

Upgrade Log for IP 'system_audio_loopback_0_0'

1. Summary
----------

SUCCESS in the upgrade of system_audio_loopback_0_0 (xilinx.com:user:audio_loopback:1.0) from (Rev. 10) to (Rev. 11)






Copyright 1986-2019 Xilinx, Inc. All Rights Reserved.
------------------------------------------------------------------------------------
| Tool Version : Vivado v.2019.2 (win64) Build 2708876 Wed Nov  6 21:40:23 MST 2019
| Date         : Fri Nov  4 11:46:41 2022
| Host         : LAPTOP-JOPBKSTS running 64-bit major release  (build 9200)
| Command      : upgrade_ip
| Device       : xc7z020clg400-2
------------------------------------------------------------------------------------

Upgrade Log for IP 'system_audio_loopback_0_0'

1. Summary
----------

SUCCESS in the upgrade of system_audio_loopback_0_0 (xilinx.com:user:audio_loopback:1.0) from (Rev. 9) to (Rev. 10)






Copyright 1986-2019 Xilinx, Inc. All Rights Reserved.
------------------------------------------------------------------------------------
| Tool Version : Vivado v.2019.2 (win64) Build 2708876 Wed Nov  6 21:40:23 MST 2019
| Date         : Fri Nov  4 11:46:41 2022
| Host         : LAPTOP-JOPBKSTS running 64-bit major release  (build 9200)
| Command      : upgrade_ip
| Device       : xc7z020clg400-2
------------------------------------------------------------------------------------

Upgrade Log for IP 'system_VIP_moving_detect_0_0'

1. Summary
----------

SUCCESS in the upgrade of system_VIP_moving_detect_0_0 (xilinx.com:user:VIP_moving_detect:1.0) from (Rev. 23) to (Rev. 24)






Copyright 1986-2019 Xilinx, Inc. All Rights Reserved.
------------------------------------------------------------------------------------
| Tool Version : Vivado v.2019.2 (win64) Build 2708876 Wed Nov  6 21:40:23 MST 2019
| Date         : Fri Nov  4 11:17:45 2022
| Host         : LAPTOP-JOPBKSTS running 64-bit major release  (build 9200)
| Command      : upgrade_ip
| Device       : xc7z020clg400-2
------------------------------------------------------------------------------------

Upgrade Log for IP 'system_audio_loopback_0_0'

1. Summary
----------

SUCCESS in the upgrade of system_audio_loopback_0_0 (xilinx.com:user:audio_loopback:1.0) from (Rev. 8) to (Rev. 9)






Copyright 1986-2019 Xilinx, Inc. All Rights Reserved.
------------------------------------------------------------------------------------
| Tool Version : Vivado v.2019.2 (win64) Build 2708876 Wed Nov  6 21:40:23 MST 2019
| Date         : Fri Nov  4 11:13:21 2022
| Host         : LAPTOP-JOPBKSTS running 64-bit major release  (build 9200)
| Command      : upgrade_ip
| Device       : xc7z020clg400-2
------------------------------------------------------------------------------------

Upgrade Log for IP 'system_audio_loopback_0_0'

1. Summary
----------

SUCCESS in the upgrade of system_audio_loopback_0_0 (xilinx.com:user:audio_loopback:1.0) from (Rev. 7) to (Rev. 8)






Copyright 1986-2019 Xilinx, Inc. All Rights Reserved.
------------------------------------------------------------------------------------
| Tool Version : Vivado v.2019.2 (win64) Build 2708876 Wed Nov  6 21:40:23 MST 2019
| Date         : Fri Nov  4 10:54:34 2022
| Host         : LAPTOP-JOPBKSTS running 64-bit major release  (build 9200)
| Command      : upgrade_ip
| Device       : xc7z020clg400-2
------------------------------------------------------------------------------------

Upgrade Log for IP 'system_audio_loopback_0_0'

1. Summary
----------

SUCCESS in the upgrade of system_audio_loopback_0_0 (xilinx.com:user:audio_loopback:1.0) from (Rev. 6) to (Rev. 7)






Copyright 1986-2019 Xilinx, Inc. All Rights Reserved.
------------------------------------------------------------------------------------
| Tool Version : Vivado v.2019.2 (win64) Build 2708876 Wed Nov  6 21:40:23 MST 2019
| Date         : Fri Nov  4 10:51:24 2022
| Host         : LAPTOP-JOPBKSTS running 64-bit major release  (build 9200)
| Command      : upgrade_ip
| Device       : xc7z020clg400-2
------------------------------------------------------------------------------------

Upgrade Log for IP 'system_audio_loopback_0_0'

1. Summary
----------

SUCCESS in the upgrade of system_audio_loopback_0_0 (xilinx.com:user:audio_loopback:1.0) from (Rev. 5) to (Rev. 6)






Copyright 1986-2019 Xilinx, Inc. All Rights Reserved.
------------------------------------------------------------------------------------
| Tool Version : Vivado v.2019.2 (win64) Build 2708876 Wed Nov  6 21:40:23 MST 2019
| Date         : Fri Nov  4 10:48:37 2022
| Host         : LAPTOP-JOPBKSTS running 64-bit major release  (build 9200)
| Command      : upgrade_ip
| Device       : xc7z020clg400-2
------------------------------------------------------------------------------------

Upgrade Log for IP 'system_audio_loopback_0_0'

1. Summary
----------

SUCCESS in the upgrade of system_audio_loopback_0_0 (xilinx.com:user:audio_loopback:1.0) from (Rev. 4) to (Rev. 5)






Copyright 1986-2019 Xilinx, Inc. All Rights Reserved.
------------------------------------------------------------------------------------
| Tool Version : Vivado v.2019.2 (win64) Build 2708876 Wed Nov  6 21:40:23 MST 2019
| Date         : Fri Nov  4 10:28:08 2022
| Host         : LAPTOP-JOPBKSTS running 64-bit major release  (build 9200)
| Command      : upgrade_ip
| Device       : xc7z020clg400-2
------------------------------------------------------------------------------------

Upgrade Log for IP 'system_audio_loopback_0_0'

1. Summary
----------

SUCCESS in the upgrade of system_audio_loopback_0_0 (xilinx.com:user:audio_loopback:1.0) from (Rev. 3) to (Rev. 4)






Copyright 1986-2019 Xilinx, Inc. All Rights Reserved.
------------------------------------------------------------------------------------
| Tool Version : Vivado v.2019.2 (win64) Build 2708876 Wed Nov  6 21:40:23 MST 2019
| Date         : Fri Nov  4 02:05:49 2022
| Host         : LAPTOP-JOPBKSTS running 64-bit major release  (build 9200)
| Command      : upgrade_ip
| Device       : xc7z020clg400-2
------------------------------------------------------------------------------------

Upgrade Log for IP 'system_audio_loopback_0_0'

1. Summary
----------

SUCCESS in the upgrade of system_audio_loopback_0_0 (xilinx.com:user:audio_loopback:1.0) from (Rev. 21) to (Rev. 3)






Copyright 1986-2019 Xilinx, Inc. All Rights Reserved.
------------------------------------------------------------------------------------
| Tool Version : Vivado v.2019.2 (win64) Build 2708876 Wed Nov  6 21:40:23 MST 2019
| Date         : Fri Nov  4 01:49:45 2022
| Host         : LAPTOP-JOPBKSTS running 64-bit major release  (build 9200)
| Command      : upgrade_ip
| Device       : xc7z020clg400-2
------------------------------------------------------------------------------------

Upgrade Log for IP 'system_audio_loopback_0_0'

1. Summary
----------

SUCCESS in the upgrade of system_audio_loopback_0_0 (xilinx.com:user:audio_loopback:1.0) from (Rev. 17) to (Rev. 21)






Copyright 1986-2019 Xilinx, Inc. All Rights Reserved.
------------------------------------------------------------------------------------
| Tool Version : Vivado v.2019.2 (win64) Build 2708876 Wed Nov  6 21:40:23 MST 2019
| Date         : Fri Nov  4 01:49:45 2022
| Host         : LAPTOP-JOPBKSTS running 64-bit major release  (build 9200)
| Command      : upgrade_ip
| Device       : xc7z020clg400-2
------------------------------------------------------------------------------------

Upgrade Log for IP 'system_VIP_moving_detect_0_0'

1. Summary
----------

SUCCESS in the upgrade of system_VIP_moving_detect_0_0 (xilinx.com:user:VIP_moving_detect:1.0) from (Rev. 22) to (Rev. 23)






Copyright 1986-2019 Xilinx, Inc. All Rights Reserved.
------------------------------------------------------------------------------------
| Tool Version : Vivado v.2019.2 (win64) Build 2708876 Wed Nov  6 21:40:23 MST 2019
| Date         : Fri Nov  4 01:38:53 2022
| Host         : LAPTOP-JOPBKSTS running 64-bit major release  (build 9200)
| Command      : upgrade_ip
| Device       : xc7z020clg400-2
------------------------------------------------------------------------------------

Upgrade Log for IP 'system_audio_loopback_0_0'

1. Summary
----------

SUCCESS in the upgrade of system_audio_loopback_0_0 (xilinx.com:user:audio_loopback:1.0) from (Rev. 16) to (Rev. 17)






Copyright 1986-2019 Xilinx, Inc. All Rights Reserved.
------------------------------------------------------------------------------------
| Tool Version : Vivado v.2019.2 (win64) Build 2708876 Wed Nov  6 21:40:23 MST 2019
| Date         : Fri Nov  4 01:34:37 2022
| Host         : LAPTOP-JOPBKSTS running 64-bit major release  (build 9200)
| Command      : upgrade_ip
| Device       : xc7z020clg400-2
------------------------------------------------------------------------------------

Upgrade Log for IP 'system_VIP_moving_detect_0_0'

1. Summary
----------

SUCCESS in the upgrade of system_VIP_moving_detect_0_0 (xilinx.com:user:VIP_moving_detect:1.0) from (Rev. 21) to (Rev. 22)






Copyright 1986-2019 Xilinx, Inc. All Rights Reserved.
------------------------------------------------------------------------------------
| Tool Version : Vivado v.2019.2 (win64) Build 2708876 Wed Nov  6 21:40:23 MST 2019
| Date         : Fri Nov  4 01:28:20 2022
| Host         : LAPTOP-JOPBKSTS running 64-bit major release  (build 9200)
| Command      : upgrade_ip
| Device       : xc7z020clg400-2
------------------------------------------------------------------------------------

Upgrade Log for IP 'system_VIP_moving_detect_0_0'

1. Summary
----------

SUCCESS in the upgrade of system_VIP_moving_detect_0_0 (xilinx.com:user:VIP_moving_detect:1.0) from (Rev. 28) to (Rev. 21)

