#-----------------------------------------------------------
# Vivado v2019.2 (64-bit)
# SW Build 2708876 on Wed Nov  6 21:40:23 MST 2019
# IP Build 2700528 on Thu Nov  7 00:09:20 MST 2019
# Start of session at: Tue Nov  8 15:01:53 2022
# Process ID: 12904
# Current directory: C:/Users/JACK/Desktop/ov5640_multi_moving_detect4
# Command line: vivado.exe -gui_launcher_event rodinguilauncherevent12280 C:\Users\JACK\Desktop\ov5640_multi_moving_detect4\ov5640_multi_moving_detect3.xpr
# Log file: C:/Users/JACK/Desktop/ov5640_multi_moving_detect4/vivado.log
# Journal file: C:/Users/JACK/Desktop/ov5640_multi_moving_detect4\vivado.jou
#-----------------------------------------------------------
start_gui
open_project C:/Users/JACK/Desktop/ov5640_multi_moving_detect4/ov5640_multi_moving_detect3.xpr
Scanning sources...
Finished scanning sources
INFO: [IP_Flow 19-234] Refreshing IP repositories
INFO: [IP_Flow 19-1700] Loaded user IP repository 'c:/Users/JACK/Desktop/ov5640_multi_moving_detect4/ip_repo'.
INFO: [IP_Flow 19-1700] Loaded user IP repository 'c:/Users/JACK/Desktop/ov5640_multi_moving_detect4/ov5640_multi_moving_detect3.srcs/sources_1/ip'.
INFO: [IP_Flow 19-2313] Loaded Vivado IP repository 'H:/Xilinx/Vivado/2019.2/data/ip'.
open_project: Time (s): cpu = 00:00:18 ; elapsed = 00:00:13 . Memory (MB): peak = 831.371 ; gain = 161.789
open_bd_design {C:/Users/JACK/Desktop/ov5640_multi_moving_detect4/ov5640_multi_moving_detect3.srcs/sources_1/bd/system/system.bd}
Adding component instance block -- alientek.com:user:ov5640_capture_data:1.0 - ov5640_capture_data_1
Adding component instance block -- xilinx.com:ip:processing_system7:5.5 - processing_system7_0
WARNING: [BD 41-176] The physical port 'M_AXI_GP0_aximm_wr_socket' specified in the portmap, is not found on the block! 
WARNING: [BD 41-176] The physical port 'M_AXI_GP0_aximm_rd_socket' specified in the portmap, is not found on the block! 
WARNING: [BD 41-176] The physical port 'S_AXI_HP0_aximm_wr_socket' specified in the portmap, is not found on the block! 
WARNING: [BD 41-176] The physical port 'S_AXI_HP0_aximm_rd_socket' specified in the portmap, is not found on the block! 
Adding component instance block -- xilinx.com:ip:proc_sys_reset:5.0 - rst_ps7_0_100M
Adding component instance block -- xilinx.com:ip:v_axi4s_vid_out:4.0 - v_axi4s_vid_out_0
Adding component instance block -- xilinx.com:ip:v_vid_in_axi4s:4.0 - v_vid_in_axi4s_0
Adding component instance block -- xilinx.com:ip:smartconnect:1.0 - axi_smc
Adding component instance block -- xilinx.com:ip:axi_vdma:6.3 - axi_vdma_0
Adding component instance block -- xilinx.com:ip:axi_vdma:6.3 - axi_vdma_1
Adding component instance block -- xilinx.com:ip:axis_broadcaster:1.1 - axis_broadcaster_0
Adding component instance block -- xilinx.com:ip:clk_wiz:6.0 - clk_wiz_0
Adding component instance block -- xilinx.com:ip:v_tc:6.2 - v_tc_0
Adding component instance block -- xilinx.com:ip:xlconstant:1.1 - xlconstant_0
Adding component instance block -- xilinx.com:ip:axi_interconnect:2.1 - ps7_0_axi_periph
Adding component instance block -- xilinx.com:ip:axi_crossbar:2.1 - xbar
Adding component instance block -- xilinx.com:ip:axi_protocol_converter:2.1 - auto_pc
Adding component instance block -- xilinx.com:user:audio_loopback:1.0 - audio_loopback_0
Adding component instance block -- xilinx.com:user:VIP_moving_detect:1.0 - VIP_moving_detect_0
WARNING: [BD 41-1731] Type mismatch between connected pins: /cam_pclk(clk) and /ov5640_capture_data_1/cam_pclk(undef)
WARNING: [BD 41-1731] Type mismatch between connected pins: /clk_wiz_0/locked(undef) and /ov5640_capture_data_1/rst_n(rst)
WARNING: [BD 41-1731] Type mismatch between connected pins: /ov5640_capture_data_1/cmos_frame_ce(undef) and /v_vid_in_axi4s_0/vid_io_in_ce(ce)
Successfully read diagram <system> from BD file <C:/Users/JACK/Desktop/ov5640_multi_moving_detect4/ov5640_multi_moving_detect3.srcs/sources_1/bd/system/system.bd>
open_bd_design: Time (s): cpu = 00:00:06 ; elapsed = 00:00:06 . Memory (MB): peak = 978.328 ; gain = 0.000
update_compile_order -fileset sources_1
exit
INFO: [Common 17-206] Exiting Vivado at Tue Nov  8 15:04:51 2022...
