#-----------------------------------------------------------
# Vivado v2019.2 (64-bit)
# SW Build 2708876 on Wed Nov  6 21:40:23 MST 2019
# IP Build 2700528 on Thu Nov  7 00:09:20 MST 2019
# Start of session at: Sat Nov  5 16:41:53 2022
# Process ID: 7864
# Current directory: C:/Users/JACK/Desktop/ov5640_multi_moving_detect4
# Command line: vivado.exe -gui_launcher_event rodinguilauncherevent11120 C:\Users\JACK\Desktop\ov5640_multi_moving_detect4\ov5640_multi_moving_detect3.xpr
# Log file: C:/Users/JACK/Desktop/ov5640_multi_moving_detect4/vivado.log
# Journal file: C:/Users/JACK/Desktop/ov5640_multi_moving_detect4\vivado.jou
#-----------------------------------------------------------
start_gui
open_project C:/Users/JACK/Desktop/ov5640_multi_moving_detect4/ov5640_multi_moving_detect3.xpr
Scanning sources...
Finished scanning sources
INFO: [IP_Flow 19-234] Refreshing IP repositories
INFO: [IP_Flow 19-1700] Loaded user IP repository 'c:/Users/JACK/Desktop/ov5640_multi_moving_detect4/ip_repo'.
INFO: [IP_Flow 19-1700] Loaded user IP repository 'c:/Users/JACK/Desktop/ov5640_multi_moving_detect4/ov5640_multi_moving_detect3.srcs/sources_1/ip'.
INFO: [IP_Flow 19-2313] Loaded Vivado IP repository 'H:/Xilinx/Vivado/2019.2/data/ip'.
open_project: Time (s): cpu = 00:00:15 ; elapsed = 00:00:11 . Memory (MB): peak = 824.445 ; gain = 172.711
update_compile_order -fileset sources_1
exit
INFO: [Common 17-206] Exiting Vivado at Sat Nov  5 16:59:10 2022...
