#-----------------------------------------------------------
# Vivado v2019.2 (64-bit)
# SW Build 2708876 on Wed Nov  6 21:40:23 MST 2019
# IP Build 2700528 on Thu Nov  7 00:09:20 MST 2019
# Start of session at: Sat Nov  5 17:02:27 2022
# Process ID: 18524
# Current directory: C:/Users/JACK/Desktop/ov5640_multi_moving_detect4
# Command line: vivado.exe -gui_launcher_event rodinguilauncherevent18136 C:\Users\JACK\Desktop\ov5640_multi_moving_detect4\ov5640_multi_moving_detect3.xpr
# Log file: C:/Users/JACK/Desktop/ov5640_multi_moving_detect4/vivado.log
# Journal file: C:/Users/JACK/Desktop/ov5640_multi_moving_detect4\vivado.jou
#-----------------------------------------------------------
start_gui
open_project C:/Users/JACK/Desktop/ov5640_multi_moving_detect4/ov5640_multi_moving_detect3.xpr
Scanning sources...
Finished scanning sources
INFO: [IP_Flow 19-234] Refreshing IP repositories
INFO: [IP_Flow 19-1700] Loaded user IP repository 'c:/Users/JACK/Desktop/ov5640_multi_moving_detect4/ip_repo'.
INFO: [IP_Flow 19-1700] Loaded user IP repository 'c:/Users/JACK/Desktop/ov5640_multi_moving_detect4/ov5640_multi_moving_detect3.srcs/sources_1/ip'.
INFO: [IP_Flow 19-2313] Loaded Vivado IP repository 'H:/Xilinx/Vivado/2019.2/data/ip'.
open_project: Time (s): cpu = 00:00:15 ; elapsed = 00:00:08 . Memory (MB): peak = 826.891 ; gain = 144.914
update_compile_order -fileset sources_1
ipx::edit_ip_in_project -upgrade true -name audio_loopback_v1_0_project -directory C:/Users/JACK/Desktop/ov5640_multi_moving_detect4/ov5640_multi_moving_detect3.tmp/audio_loopback_v1_0_project c:/Users/JACK/Desktop/ov5640_multi_moving_detect4/ip_repo/audio/component.xml
INFO: [ProjectBase 1-489] The host OS only allows 260 characters in a normal path. The project is stored in a path with more than 80 characters. If you experience issues with IP, Block Designs, or files not being found, please consider moving the project to a location with a shorter path. Alternately consider using the OS subst command to map part of the path to a drive letter.
Current project path is 'c:/users/jack/desktop/ov5640_multi_moving_detect4/ov5640_multi_moving_detect3.tmp/audio_loopback_v1_0_project'
INFO: [IP_Flow 19-234] Refreshing IP repositories
INFO: [IP_Flow 19-1704] No user IP repositories specified
INFO: [IP_Flow 19-2313] Loaded Vivado IP repository 'H:/Xilinx/Vivado/2019.2/data/ip'.
INFO: [IP_Flow 19-234] Refreshing IP repositories
INFO: [IP_Flow 19-1700] Loaded user IP repository 'c:/Users/JACK/Desktop/ov5640_multi_moving_detect4/ip_repo'.
INFO: [IP_Flow 19-1700] Loaded user IP repository 'c:/Users/JACK/Desktop/ov5640_multi_moving_detect4/ov5640_multi_moving_detect3.srcs/sources_1/ip'.
INFO: [IP_Flow 19-795] Syncing license key meta-data
WARNING: [filemgmt 56-99] Vivado Synthesis ignores library specification for Verilog or SystemVerilog files. [c:/Users/JACK/Desktop/ov5640_multi_moving_detect4/ip_repo/audio/src/audio_send.v:]
WARNING: [filemgmt 56-99] Vivado Synthesis ignores library specification for Verilog or SystemVerilog files. [c:/Users/JACK/Desktop/ov5640_multi_moving_detect4/ip_repo/audio/src/i2c_dri.v:]
WARNING: [filemgmt 56-99] Vivado Synthesis ignores library specification for Verilog or SystemVerilog files. [c:/Users/JACK/Desktop/ov5640_multi_moving_detect4/ip_repo/audio/src/i2c_reg_cfg.v:]
WARNING: [filemgmt 56-99] Vivado Synthesis ignores library specification for Verilog or SystemVerilog files. [c:/Users/JACK/Desktop/ov5640_multi_moving_detect4/ip_repo/audio/src/wm8960_config.v:]
WARNING: [filemgmt 56-99] Vivado Synthesis ignores library specification for Verilog or SystemVerilog files. [c:/Users/JACK/Desktop/ov5640_multi_moving_detect4/ip_repo/audio/src/wm8960_ctrl.v:]
WARNING: [filemgmt 56-99] Vivado Synthesis ignores library specification for Verilog or SystemVerilog files. [c:/Users/JACK/Desktop/ov5640_multi_moving_detect4/ip_repo/audio/src/audio_loopback.v:]
ipx::edit_ip_in_project: Time (s): cpu = 00:00:09 ; elapsed = 00:00:05 . Memory (MB): peak = 1003.051 ; gain = 0.000
update_compile_order -fileset sources_1
close_project
ipx::edit_ip_in_project -upgrade true -name audio_loopback_v1_0_project -directory C:/Users/JACK/Desktop/ov5640_multi_moving_detect4/ov5640_multi_moving_detect3.tmp/audio_loopback_v1_0_project c:/Users/JACK/Desktop/ov5640_multi_moving_detect4/ip_repo/audio/component.xml
INFO: [ProjectBase 1-489] The host OS only allows 260 characters in a normal path. The project is stored in a path with more than 80 characters. If you experience issues with IP, Block Designs, or files not being found, please consider moving the project to a location with a shorter path. Alternately consider using the OS subst command to map part of the path to a drive letter.
Current project path is 'c:/users/jack/desktop/ov5640_multi_moving_detect4/ov5640_multi_moving_detect3.tmp/audio_loopback_v1_0_project'
INFO: [IP_Flow 19-234] Refreshing IP repositories
INFO: [IP_Flow 19-1704] No user IP repositories specified
INFO: [IP_Flow 19-2313] Loaded Vivado IP repository 'H:/Xilinx/Vivado/2019.2/data/ip'.
INFO: [IP_Flow 19-234] Refreshing IP repositories
INFO: [IP_Flow 19-1700] Loaded user IP repository 'c:/Users/JACK/Desktop/ov5640_multi_moving_detect4/ip_repo'.
INFO: [IP_Flow 19-1700] Loaded user IP repository 'c:/Users/JACK/Desktop/ov5640_multi_moving_detect4/ov5640_multi_moving_detect3.srcs/sources_1/ip'.
INFO: [IP_Flow 19-795] Syncing license key meta-data
WARNING: [filemgmt 56-99] Vivado Synthesis ignores library specification for Verilog or SystemVerilog files. [c:/Users/JACK/Desktop/ov5640_multi_moving_detect4/ip_repo/audio/src/audio_send.v:]
WARNING: [filemgmt 56-99] Vivado Synthesis ignores library specification for Verilog or SystemVerilog files. [c:/Users/JACK/Desktop/ov5640_multi_moving_detect4/ip_repo/audio/src/i2c_dri.v:]
WARNING: [filemgmt 56-99] Vivado Synthesis ignores library specification for Verilog or SystemVerilog files. [c:/Users/JACK/Desktop/ov5640_multi_moving_detect4/ip_repo/audio/src/i2c_reg_cfg.v:]
WARNING: [filemgmt 56-99] Vivado Synthesis ignores library specification for Verilog or SystemVerilog files. [c:/Users/JACK/Desktop/ov5640_multi_moving_detect4/ip_repo/audio/src/wm8960_config.v:]
WARNING: [filemgmt 56-99] Vivado Synthesis ignores library specification for Verilog or SystemVerilog files. [c:/Users/JACK/Desktop/ov5640_multi_moving_detect4/ip_repo/audio/src/wm8960_ctrl.v:]
WARNING: [filemgmt 56-99] Vivado Synthesis ignores library specification for Verilog or SystemVerilog files. [c:/Users/JACK/Desktop/ov5640_multi_moving_detect4/ip_repo/audio/src/audio_loopback.v:]
update_compile_order -fileset sources_1
set_property core_revision 11 [ipx::current_core]
ipx::update_source_project_archive -component [ipx::current_core]
ipx::create_xgui_files [ipx::current_core]
ipx::update_checksums [ipx::current_core]
ipx::save_core [ipx::current_core]
ipx::move_temp_component_back -component [ipx::current_core]
close_project -delete
update_ip_catalog -rebuild -repo_path c:/Users/JACK/Desktop/ov5640_multi_moving_detect4/ip_repo
INFO: [IP_Flow 19-725] Reloaded user IP repository 'c:/Users/JACK/Desktop/ov5640_multi_moving_detect4/ip_repo'
report_ip_status -name ip_status 
upgrade_ip -vlnv xilinx.com:user:audio_loopback:1.0 [get_ips  system_audio_loopback_0_0] -log ip_upgrade.log
Adding component instance block -- alientek.com:user:ov5640_capture_data:1.0 - ov5640_capture_data_1
Adding component instance block -- xilinx.com:ip:processing_system7:5.5 - processing_system7_0
WARNING: [BD 41-176] The physical port 'M_AXI_GP0_aximm_wr_socket' specified in the portmap, is not found on the block! 
WARNING: [BD 41-176] The physical port 'M_AXI_GP0_aximm_rd_socket' specified in the portmap, is not found on the block! 
WARNING: [BD 41-176] The physical port 'S_AXI_HP0_aximm_wr_socket' specified in the portmap, is not found on the block! 
WARNING: [BD 41-176] The physical port 'S_AXI_HP0_aximm_rd_socket' specified in the portmap, is not found on the block! 
Adding component instance block -- xilinx.com:ip:proc_sys_reset:5.0 - rst_ps7_0_100M
Adding component instance block -- xilinx.com:ip:v_axi4s_vid_out:4.0 - v_axi4s_vid_out_0
Adding component instance block -- xilinx.com:ip:v_vid_in_axi4s:4.0 - v_vid_in_axi4s_0
Adding component instance block -- xilinx.com:ip:smartconnect:1.0 - axi_smc
Adding component instance block -- xilinx.com:ip:axi_vdma:6.3 - axi_vdma_0
Adding component instance block -- xilinx.com:ip:axi_vdma:6.3 - axi_vdma_1
Adding component instance block -- xilinx.com:ip:axis_broadcaster:1.1 - axis_broadcaster_0
Adding component instance block -- xilinx.com:ip:clk_wiz:6.0 - clk_wiz_0
Adding component instance block -- xilinx.com:ip:v_tc:6.2 - v_tc_0
Adding component instance block -- xilinx.com:ip:xlconstant:1.1 - xlconstant_0
Adding component instance block -- xilinx.com:ip:axi_interconnect:2.1 - ps7_0_axi_periph
Adding component instance block -- xilinx.com:ip:axi_crossbar:2.1 - xbar
Adding component instance block -- xilinx.com:ip:axi_protocol_converter:2.1 - auto_pc
Adding component instance block -- xilinx.com:user:VIP_moving_detect:1.0 - VIP_moving_detect_0
Adding component instance block -- xilinx.com:user:audio_loopback:1.0 - audio_loopback_0
WARNING: [BD 41-1731] Type mismatch between connected pins: /cam_pclk(clk) and /ov5640_capture_data_1/cam_pclk(undef)
WARNING: [BD 41-1731] Type mismatch between connected pins: /clk_wiz_0/locked(undef) and /ov5640_capture_data_1/rst_n(rst)
WARNING: [BD 41-1731] Type mismatch between connected pins: /ov5640_capture_data_1/cmos_frame_ce(undef) and /v_vid_in_axi4s_0/vid_io_in_ce(ce)
Successfully read diagram <system> from BD file <C:/Users/JACK/Desktop/ov5640_multi_moving_detect4/ov5640_multi_moving_detect3.srcs/sources_1/bd/system/system.bd>
Upgrading 'C:/Users/JACK/Desktop/ov5640_multi_moving_detect4/ov5640_multi_moving_detect3.srcs/sources_1/bd/system/system.bd'
INFO: [IP_Flow 19-3422] Upgraded system_audio_loopback_0_0 (audio_loopback_v1_0 1.0) from revision 10 to revision 11
Wrote  : <C:\Users\JACK\Desktop\ov5640_multi_moving_detect4\ov5640_multi_moving_detect3.srcs\sources_1\bd\system\system.bd> 
Wrote  : <C:/Users/JACK/Desktop/ov5640_multi_moving_detect4/ov5640_multi_moving_detect3.srcs/sources_1/bd/system/ui/bd_c954508f.ui> 
INFO: [Coretcl 2-1525] Wrote upgrade log to 'C:/Users/JACK/Desktop/ov5640_multi_moving_detect4/ip_upgrade.log'.
upgrade_ip: Time (s): cpu = 00:00:06 ; elapsed = 00:00:05 . Memory (MB): peak = 1185.328 ; gain = 65.258
export_ip_user_files -of_objects [get_ips system_audio_loopback_0_0] -no_script -sync -force -quiet
generate_target all [get_files  C:/Users/JACK/Desktop/ov5640_multi_moving_detect4/ov5640_multi_moving_detect3.srcs/sources_1/bd/system/system.bd]
CRITICAL WARNING: [BD 41-967] AXI interface pin /VIP_moving_detect_0/S0_AXI is not associated to any clock pin. It may not work correctly.
CRITICAL WARNING: [BD 41-967] AXI interface pin /VIP_moving_detect_0/s0_axis_video is not associated to any clock pin. It may not work correctly.
CRITICAL WARNING: [BD 41-967] AXI interface pin /VIP_moving_detect_0/s1_axis_video is not associated to any clock pin. It may not work correctly.
CRITICAL WARNING: [BD 41-967] AXI interface pin /VIP_moving_detect_0/m_axis_video is not associated to any clock pin. It may not work correctly.
Wrote  : <C:\Users\JACK\Desktop\ov5640_multi_moving_detect4\ov5640_multi_moving_detect3.srcs\sources_1\bd\system\system.bd> 
VHDL Output written to : C:/Users/JACK/Desktop/ov5640_multi_moving_detect4/ov5640_multi_moving_detect3.srcs/sources_1/bd/system/synth/system.v
VHDL Output written to : C:/Users/JACK/Desktop/ov5640_multi_moving_detect4/ov5640_multi_moving_detect3.srcs/sources_1/bd/system/sim/system.v
VHDL Output written to : C:/Users/JACK/Desktop/ov5640_multi_moving_detect4/ov5640_multi_moving_detect3.srcs/sources_1/bd/system/hdl/system_wrapper.v
INFO: [BD 41-1029] Generation completed for the IP Integrator block processing_system7_0 .
INFO: [BD 41-1029] Generation completed for the IP Integrator block axi_vdma_0 .
Exporting to file c:/Users/JACK/Desktop/ov5640_multi_moving_detect4/ov5640_multi_moving_detect3.srcs/sources_1/bd/system/ip/system_axi_smc_0/bd_0/hw_handoff/system_axi_smc_0.hwh
Generated Block Design Tcl file c:/Users/JACK/Desktop/ov5640_multi_moving_detect4/ov5640_multi_moving_detect3.srcs/sources_1/bd/system/ip/system_axi_smc_0/bd_0/hw_handoff/system_axi_smc_0_bd.tcl
Generated Hardware Definition File c:/Users/JACK/Desktop/ov5640_multi_moving_detect4/ov5640_multi_moving_detect3.srcs/sources_1/bd/system/ip/system_axi_smc_0/bd_0/synth/system_axi_smc_0.hwdef
INFO: [BD 41-1029] Generation completed for the IP Integrator block axi_smc .
INFO: [BD 41-1029] Generation completed for the IP Integrator block rst_ps7_0_100M .
INFO: [BD 41-1029] Generation completed for the IP Integrator block v_axi4s_vid_out_0 .
INFO: [BD 41-1029] Generation completed for the IP Integrator block xlconstant_0 .
INFO: [BD 41-1029] Generation completed for the IP Integrator block v_tc_0 .
INFO: [BD 41-1029] Generation completed for the IP Integrator block clk_wiz_0 .
INFO: [BD 41-1029] Generation completed for the IP Integrator block v_vid_in_axi4s_0 .
INFO: [BD 41-1029] Generation completed for the IP Integrator block ov5640_capture_data_1 .
INFO: [BD 41-1029] Generation completed for the IP Integrator block axi_vdma_1 .
INFO: [BD 41-1029] Generation completed for the IP Integrator block axis_broadcaster_0 .
INFO: [BD 41-1029] Generation completed for the IP Integrator block audio_loopback_0 .
INFO: [BD 41-1029] Generation completed for the IP Integrator block ps7_0_axi_periph/xbar .
INFO: [BD 41-1029] Generation completed for the IP Integrator block VIP_moving_detect_0 .
WARNING: [IP_Flow 19-4994] Overwriting existing constraint file 'c:/Users/JACK/Desktop/ov5640_multi_moving_detect4/ov5640_multi_moving_detect3.srcs/sources_1/bd/system/ip/system_auto_pc_0/system_auto_pc_0_ooc.xdc'
INFO: [BD 41-1029] Generation completed for the IP Integrator block ps7_0_axi_periph/s00_couplers/auto_pc .
Exporting to file C:/Users/JACK/Desktop/ov5640_multi_moving_detect4/ov5640_multi_moving_detect3.srcs/sources_1/bd/system/hw_handoff/system.hwh
Generated Block Design Tcl file C:/Users/JACK/Desktop/ov5640_multi_moving_detect4/ov5640_multi_moving_detect3.srcs/sources_1/bd/system/hw_handoff/system_bd.tcl
Generated Hardware Definition File C:/Users/JACK/Desktop/ov5640_multi_moving_detect4/ov5640_multi_moving_detect3.srcs/sources_1/bd/system/synth/system.hwdef
WARNING: [BD 41-2265] Clock pin for protocol instance pin S0_AXI could not be determined. Make sure that ASSOCIATED_BUSIF and ASSOCIATED_RESET properties are set or propagated on clock pins of block /VIP_moving_detect_0
WARNING: [BD 41-2265] Clock pin for protocol instance pin s0_axis_video could not be determined. Make sure that ASSOCIATED_BUSIF and ASSOCIATED_RESET properties are set or propagated on clock pins of block /VIP_moving_detect_0
WARNING: [BD 41-2265] Clock pin for protocol instance pin s1_axis_video could not be determined. Make sure that ASSOCIATED_BUSIF and ASSOCIATED_RESET properties are set or propagated on clock pins of block /VIP_moving_detect_0
WARNING: [BD 41-2265] Clock pin for protocol instance pin m_axis_video could not be determined. Make sure that ASSOCIATED_BUSIF and ASSOCIATED_RESET properties are set or propagated on clock pins of block /VIP_moving_detect_0
generate_target: Time (s): cpu = 00:00:31 ; elapsed = 00:00:32 . Memory (MB): peak = 1455.293 ; gain = 269.965
export_ip_user_files -of_objects [get_files C:/Users/JACK/Desktop/ov5640_multi_moving_detect4/ov5640_multi_moving_detect3.srcs/sources_1/bd/system/system.bd] -no_script -sync -force -quiet
export_simulation -of_objects [get_files C:/Users/JACK/Desktop/ov5640_multi_moving_detect4/ov5640_multi_moving_detect3.srcs/sources_1/bd/system/system.bd] -directory C:/Users/JACK/Desktop/ov5640_multi_moving_detect4/ov5640_multi_moving_detect3.ip_user_files/sim_scripts -ip_user_files_dir C:/Users/JACK/Desktop/ov5640_multi_moving_detect4/ov5640_multi_moving_detect3.ip_user_files -ipstatic_source_dir C:/Users/JACK/Desktop/ov5640_multi_moving_detect4/ov5640_multi_moving_detect3.ip_user_files/ipstatic -lib_map_path [list {modelsim=C:/Users/JACK/Desktop/ov5640_multi_moving_detect4/ov5640_multi_moving_detect3.cache/compile_simlib/modelsim} {questa=C:/Users/JACK/Desktop/ov5640_multi_moving_detect4/ov5640_multi_moving_detect3.cache/compile_simlib/questa} {riviera=C:/Users/JACK/Desktop/ov5640_multi_moving_detect4/ov5640_multi_moving_detect3.cache/compile_simlib/riviera} {activehdl=C:/Users/JACK/Desktop/ov5640_multi_moving_detect4/ov5640_multi_moving_detect3.cache/compile_simlib/activehdl}] -use_ip_compiled_libs -force -quiet
reset_run synth_1
launch_runs impl_1 -jobs 6
[Sat Nov  5 19:35:52 2022] Launched synth_1...
Run output will be captured here: C:/Users/JACK/Desktop/ov5640_multi_moving_detect4/ov5640_multi_moving_detect3.runs/synth_1/runme.log
[Sat Nov  5 19:35:52 2022] Launched impl_1...
Run output will be captured here: C:/Users/JACK/Desktop/ov5640_multi_moving_detect4/ov5640_multi_moving_detect3.runs/impl_1/runme.log
launch_runs impl_1 -to_step write_bitstream -jobs 6
[Sat Nov  5 19:47:12 2022] Launched impl_1...
Run output will be captured here: C:/Users/JACK/Desktop/ov5640_multi_moving_detect4/ov5640_multi_moving_detect3.runs/impl_1/runme.log
write_hw_platform -fixed -force  -file C:/Users/JACK/Desktop/ov5640_multi_moving_detect4/system_wrapper.xsa
INFO: [Vivado 12-4895] Creating Hardware Platform: C:/Users/JACK/Desktop/ov5640_multi_moving_detect4/system_wrapper.xsa ...
INFO: [Hsi 55-2053] elapsed time for repository (H:/Xilinx/Vivado/2019.2/data\embeddedsw) loading 0 seconds
INFO: [Vivado 12-4896] Successfully created Hardware Platform: C:/Users/JACK/Desktop/ov5640_multi_moving_detect4/system_wrapper.xsa
write_hw_platform: Time (s): cpu = 00:00:05 ; elapsed = 00:00:05 . Memory (MB): peak = 1535.605 ; gain = 59.848
ipx::edit_ip_in_project -upgrade true -name audio_loopback_v1_0_project -directory C:/Users/JACK/Desktop/ov5640_multi_moving_detect4/ov5640_multi_moving_detect3.tmp/audio_loopback_v1_0_project c:/Users/JACK/Desktop/ov5640_multi_moving_detect4/ip_repo/audio/component.xml
INFO: [ProjectBase 1-489] The host OS only allows 260 characters in a normal path. The project is stored in a path with more than 80 characters. If you experience issues with IP, Block Designs, or files not being found, please consider moving the project to a location with a shorter path. Alternately consider using the OS subst command to map part of the path to a drive letter.
Current project path is 'c:/users/jack/desktop/ov5640_multi_moving_detect4/ov5640_multi_moving_detect3.tmp/audio_loopback_v1_0_project'
INFO: [IP_Flow 19-234] Refreshing IP repositories
INFO: [IP_Flow 19-1704] No user IP repositories specified
INFO: [IP_Flow 19-2313] Loaded Vivado IP repository 'H:/Xilinx/Vivado/2019.2/data/ip'.
INFO: [IP_Flow 19-234] Refreshing IP repositories
INFO: [IP_Flow 19-1700] Loaded user IP repository 'c:/Users/JACK/Desktop/ov5640_multi_moving_detect4/ip_repo'.
INFO: [IP_Flow 19-1700] Loaded user IP repository 'c:/Users/JACK/Desktop/ov5640_multi_moving_detect4/ov5640_multi_moving_detect3.srcs/sources_1/ip'.
INFO: [IP_Flow 19-795] Syncing license key meta-data
WARNING: [filemgmt 56-99] Vivado Synthesis ignores library specification for Verilog or SystemVerilog files. [c:/Users/JACK/Desktop/ov5640_multi_moving_detect4/ip_repo/audio/src/audio_send.v:]
WARNING: [filemgmt 56-99] Vivado Synthesis ignores library specification for Verilog or SystemVerilog files. [c:/Users/JACK/Desktop/ov5640_multi_moving_detect4/ip_repo/audio/src/i2c_dri.v:]
WARNING: [filemgmt 56-99] Vivado Synthesis ignores library specification for Verilog or SystemVerilog files. [c:/Users/JACK/Desktop/ov5640_multi_moving_detect4/ip_repo/audio/src/i2c_reg_cfg.v:]
WARNING: [filemgmt 56-99] Vivado Synthesis ignores library specification for Verilog or SystemVerilog files. [c:/Users/JACK/Desktop/ov5640_multi_moving_detect4/ip_repo/audio/src/wm8960_config.v:]
WARNING: [filemgmt 56-99] Vivado Synthesis ignores library specification for Verilog or SystemVerilog files. [c:/Users/JACK/Desktop/ov5640_multi_moving_detect4/ip_repo/audio/src/wm8960_ctrl.v:]
WARNING: [filemgmt 56-99] Vivado Synthesis ignores library specification for Verilog or SystemVerilog files. [c:/Users/JACK/Desktop/ov5640_multi_moving_detect4/ip_repo/audio/src/audio_loopback.v:]
update_compile_order -fileset sources_1
set_property core_revision 12 [ipx::current_core]
ipx::update_source_project_archive -component [ipx::current_core]
ipx::create_xgui_files [ipx::current_core]
ipx::update_checksums [ipx::current_core]
ipx::save_core [ipx::current_core]
ipx::move_temp_component_back -component [ipx::current_core]
close_project -delete
update_ip_catalog -rebuild -repo_path c:/Users/JACK/Desktop/ov5640_multi_moving_detect4/ip_repo
INFO: [IP_Flow 19-725] Reloaded user IP repository 'c:/Users/JACK/Desktop/ov5640_multi_moving_detect4/ip_repo'
report_ip_status -name ip_status 
upgrade_ip -vlnv xilinx.com:user:audio_loopback:1.0 [get_ips  system_audio_loopback_0_0] -log ip_upgrade.log
Upgrading 'C:/Users/JACK/Desktop/ov5640_multi_moving_detect4/ov5640_multi_moving_detect3.srcs/sources_1/bd/system/system.bd'
INFO: [IP_Flow 19-3422] Upgraded system_audio_loopback_0_0 (audio_loopback_v1_0 1.0) from revision 11 to revision 12
Wrote  : <C:\Users\JACK\Desktop\ov5640_multi_moving_detect4\ov5640_multi_moving_detect3.srcs\sources_1\bd\system\system.bd> 
INFO: [Coretcl 2-1525] Wrote upgrade log to 'C:/Users/JACK/Desktop/ov5640_multi_moving_detect4/ip_upgrade.log'.
export_ip_user_files -of_objects [get_ips system_audio_loopback_0_0] -no_script -sync -force -quiet
generate_target all [get_files  C:/Users/JACK/Desktop/ov5640_multi_moving_detect4/ov5640_multi_moving_detect3.srcs/sources_1/bd/system/system.bd]
CRITICAL WARNING: [BD 41-967] AXI interface pin /VIP_moving_detect_0/S0_AXI is not associated to any clock pin. It may not work correctly.
CRITICAL WARNING: [BD 41-967] AXI interface pin /VIP_moving_detect_0/s0_axis_video is not associated to any clock pin. It may not work correctly.
CRITICAL WARNING: [BD 41-967] AXI interface pin /VIP_moving_detect_0/s1_axis_video is not associated to any clock pin. It may not work correctly.
CRITICAL WARNING: [BD 41-967] AXI interface pin /VIP_moving_detect_0/m_axis_video is not associated to any clock pin. It may not work correctly.
Wrote  : <C:\Users\JACK\Desktop\ov5640_multi_moving_detect4\ov5640_multi_moving_detect3.srcs\sources_1\bd\system\system.bd> 
VHDL Output written to : C:/Users/JACK/Desktop/ov5640_multi_moving_detect4/ov5640_multi_moving_detect3.srcs/sources_1/bd/system/synth/system.v
VHDL Output written to : C:/Users/JACK/Desktop/ov5640_multi_moving_detect4/ov5640_multi_moving_detect3.srcs/sources_1/bd/system/sim/system.v
VHDL Output written to : C:/Users/JACK/Desktop/ov5640_multi_moving_detect4/ov5640_multi_moving_detect3.srcs/sources_1/bd/system/hdl/system_wrapper.v
INFO: [BD 41-1029] Generation completed for the IP Integrator block processing_system7_0 .
INFO: [BD 41-1029] Generation completed for the IP Integrator block axi_vdma_0 .
Exporting to file c:/Users/JACK/Desktop/ov5640_multi_moving_detect4/ov5640_multi_moving_detect3.srcs/sources_1/bd/system/ip/system_axi_smc_0/bd_0/hw_handoff/system_axi_smc_0.hwh
Generated Block Design Tcl file c:/Users/JACK/Desktop/ov5640_multi_moving_detect4/ov5640_multi_moving_detect3.srcs/sources_1/bd/system/ip/system_axi_smc_0/bd_0/hw_handoff/system_axi_smc_0_bd.tcl
Generated Hardware Definition File c:/Users/JACK/Desktop/ov5640_multi_moving_detect4/ov5640_multi_moving_detect3.srcs/sources_1/bd/system/ip/system_axi_smc_0/bd_0/synth/system_axi_smc_0.hwdef
INFO: [BD 41-1029] Generation completed for the IP Integrator block axi_smc .
INFO: [BD 41-1029] Generation completed for the IP Integrator block rst_ps7_0_100M .
INFO: [BD 41-1029] Generation completed for the IP Integrator block v_axi4s_vid_out_0 .
INFO: [BD 41-1029] Generation completed for the IP Integrator block xlconstant_0 .
INFO: [BD 41-1029] Generation completed for the IP Integrator block v_tc_0 .
INFO: [BD 41-1029] Generation completed for the IP Integrator block clk_wiz_0 .
INFO: [BD 41-1029] Generation completed for the IP Integrator block v_vid_in_axi4s_0 .
INFO: [BD 41-1029] Generation completed for the IP Integrator block ov5640_capture_data_1 .
INFO: [BD 41-1029] Generation completed for the IP Integrator block axi_vdma_1 .
INFO: [BD 41-1029] Generation completed for the IP Integrator block axis_broadcaster_0 .
INFO: [BD 41-1029] Generation completed for the IP Integrator block audio_loopback_0 .
INFO: [BD 41-1029] Generation completed for the IP Integrator block ps7_0_axi_periph/xbar .
INFO: [BD 41-1029] Generation completed for the IP Integrator block VIP_moving_detect_0 .
WARNING: [IP_Flow 19-4994] Overwriting existing constraint file 'c:/Users/JACK/Desktop/ov5640_multi_moving_detect4/ov5640_multi_moving_detect3.srcs/sources_1/bd/system/ip/system_auto_pc_0/system_auto_pc_0_ooc.xdc'
INFO: [BD 41-1029] Generation completed for the IP Integrator block ps7_0_axi_periph/s00_couplers/auto_pc .
Exporting to file C:/Users/JACK/Desktop/ov5640_multi_moving_detect4/ov5640_multi_moving_detect3.srcs/sources_1/bd/system/hw_handoff/system.hwh
Generated Block Design Tcl file C:/Users/JACK/Desktop/ov5640_multi_moving_detect4/ov5640_multi_moving_detect3.srcs/sources_1/bd/system/hw_handoff/system_bd.tcl
Generated Hardware Definition File C:/Users/JACK/Desktop/ov5640_multi_moving_detect4/ov5640_multi_moving_detect3.srcs/sources_1/bd/system/synth/system.hwdef
WARNING: [BD 41-2265] Clock pin for protocol instance pin S0_AXI could not be determined. Make sure that ASSOCIATED_BUSIF and ASSOCIATED_RESET properties are set or propagated on clock pins of block /VIP_moving_detect_0
WARNING: [BD 41-2265] Clock pin for protocol instance pin s0_axis_video could not be determined. Make sure that ASSOCIATED_BUSIF and ASSOCIATED_RESET properties are set or propagated on clock pins of block /VIP_moving_detect_0
WARNING: [BD 41-2265] Clock pin for protocol instance pin s1_axis_video could not be determined. Make sure that ASSOCIATED_BUSIF and ASSOCIATED_RESET properties are set or propagated on clock pins of block /VIP_moving_detect_0
WARNING: [BD 41-2265] Clock pin for protocol instance pin m_axis_video could not be determined. Make sure that ASSOCIATED_BUSIF and ASSOCIATED_RESET properties are set or propagated on clock pins of block /VIP_moving_detect_0
generate_target: Time (s): cpu = 00:00:27 ; elapsed = 00:00:28 . Memory (MB): peak = 1608.680 ; gain = 4.926
export_ip_user_files -of_objects [get_files C:/Users/JACK/Desktop/ov5640_multi_moving_detect4/ov5640_multi_moving_detect3.srcs/sources_1/bd/system/system.bd] -no_script -sync -force -quiet
export_simulation -of_objects [get_files C:/Users/JACK/Desktop/ov5640_multi_moving_detect4/ov5640_multi_moving_detect3.srcs/sources_1/bd/system/system.bd] -directory C:/Users/JACK/Desktop/ov5640_multi_moving_detect4/ov5640_multi_moving_detect3.ip_user_files/sim_scripts -ip_user_files_dir C:/Users/JACK/Desktop/ov5640_multi_moving_detect4/ov5640_multi_moving_detect3.ip_user_files -ipstatic_source_dir C:/Users/JACK/Desktop/ov5640_multi_moving_detect4/ov5640_multi_moving_detect3.ip_user_files/ipstatic -lib_map_path [list {modelsim=C:/Users/JACK/Desktop/ov5640_multi_moving_detect4/ov5640_multi_moving_detect3.cache/compile_simlib/modelsim} {questa=C:/Users/JACK/Desktop/ov5640_multi_moving_detect4/ov5640_multi_moving_detect3.cache/compile_simlib/questa} {riviera=C:/Users/JACK/Desktop/ov5640_multi_moving_detect4/ov5640_multi_moving_detect3.cache/compile_simlib/riviera} {activehdl=C:/Users/JACK/Desktop/ov5640_multi_moving_detect4/ov5640_multi_moving_detect3.cache/compile_simlib/activehdl}] -use_ip_compiled_libs -force -quiet
ipx::edit_ip_in_project -upgrade true -name VIP_moving_detect_v1_0_project -directory C:/Users/JACK/Desktop/ov5640_multi_moving_detect4/ov5640_multi_moving_detect3.tmp/VIP_moving_detect_v1_0_project c:/Users/JACK/Desktop/ov5640_multi_moving_detect4/ip_repo/VIP_moving_detect_1.0/component.xml
INFO: [ProjectBase 1-489] The host OS only allows 260 characters in a normal path. The project is stored in a path with more than 80 characters. If you experience issues with IP, Block Designs, or files not being found, please consider moving the project to a location with a shorter path. Alternately consider using the OS subst command to map part of the path to a drive letter.
Current project path is 'c:/users/jack/desktop/ov5640_multi_moving_detect4/ov5640_multi_moving_detect3.tmp/vip_moving_detect_v1_0_project'
INFO: [IP_Flow 19-234] Refreshing IP repositories
INFO: [IP_Flow 19-1704] No user IP repositories specified
INFO: [IP_Flow 19-2313] Loaded Vivado IP repository 'H:/Xilinx/Vivado/2019.2/data/ip'.
INFO: [IP_Flow 19-234] Refreshing IP repositories
INFO: [IP_Flow 19-1700] Loaded user IP repository 'c:/Users/JACK/Desktop/ov5640_multi_moving_detect4/ip_repo'.
INFO: [IP_Flow 19-1700] Loaded user IP repository 'c:/Users/JACK/Desktop/ov5640_multi_moving_detect4/ov5640_multi_moving_detect3.srcs/sources_1/ip'.
INFO: [IP_Flow 19-795] Syncing license key meta-data
WARNING: [filemgmt 56-99] Vivado Synthesis ignores library specification for Verilog or SystemVerilog files. [c:/Users/JACK/Desktop/ov5640_multi_moving_detect4/ip_repo/VIP_moving_detect_1.0/hdl/VIP_moving_detect.v:]
WARNING: [filemgmt 56-99] Vivado Synthesis ignores library specification for Verilog or SystemVerilog files. [c:/Users/JACK/Desktop/ov5640_multi_moving_detect4/ip_repo/VIP_moving_detect_1.0/hdl/VIP_moving_detect_v1_0_S0_AXI.v:]
WARNING: [filemgmt 56-99] Vivado Synthesis ignores library specification for Verilog or SystemVerilog files. [c:/Users/JACK/Desktop/ov5640_multi_moving_detect4/ip_repo/VIP_moving_detect_1.0/hdl/rgb2gray.v:]
WARNING: [filemgmt 56-99] Vivado Synthesis ignores library specification for Verilog or SystemVerilog files. [c:/Users/JACK/Desktop/ov5640_multi_moving_detect4/ip_repo/VIP_moving_detect_1.0/hdl/VIP_moving_detect_v1_0.v:]
update_compile_order -fileset sources_1
set_property core_revision 25 [ipx::current_core]
ipx::update_source_project_archive -component [ipx::current_core]
ipx::create_xgui_files [ipx::current_core]
ipx::update_checksums [ipx::current_core]
ipx::save_core [ipx::current_core]
ipx::move_temp_component_back -component [ipx::current_core]
close_project -delete
update_ip_catalog -rebuild -repo_path c:/Users/JACK/Desktop/ov5640_multi_moving_detect4/ip_repo
INFO: [IP_Flow 19-725] Reloaded user IP repository 'c:/Users/JACK/Desktop/ov5640_multi_moving_detect4/ip_repo'
ipx::edit_ip_in_project -upgrade true -name VIP_moving_detect_v1_0_project -directory C:/Users/JACK/Desktop/ov5640_multi_moving_detect4/ov5640_multi_moving_detect3.tmp/VIP_moving_detect_v1_0_project c:/Users/JACK/Desktop/ov5640_multi_moving_detect4/ip_repo/VIP_moving_detect_1.0/component.xml
INFO: [ProjectBase 1-489] The host OS only allows 260 characters in a normal path. The project is stored in a path with more than 80 characters. If you experience issues with IP, Block Designs, or files not being found, please consider moving the project to a location with a shorter path. Alternately consider using the OS subst command to map part of the path to a drive letter.
Current project path is 'c:/users/jack/desktop/ov5640_multi_moving_detect4/ov5640_multi_moving_detect3.tmp/vip_moving_detect_v1_0_project'
INFO: [IP_Flow 19-234] Refreshing IP repositories
INFO: [IP_Flow 19-1704] No user IP repositories specified
INFO: [IP_Flow 19-2313] Loaded Vivado IP repository 'H:/Xilinx/Vivado/2019.2/data/ip'.
INFO: [IP_Flow 19-234] Refreshing IP repositories
INFO: [IP_Flow 19-1700] Loaded user IP repository 'c:/Users/JACK/Desktop/ov5640_multi_moving_detect4/ip_repo'.
INFO: [IP_Flow 19-1700] Loaded user IP repository 'c:/Users/JACK/Desktop/ov5640_multi_moving_detect4/ov5640_multi_moving_detect3.srcs/sources_1/ip'.
INFO: [IP_Flow 19-795] Syncing license key meta-data
WARNING: [filemgmt 56-99] Vivado Synthesis ignores library specification for Verilog or SystemVerilog files. [c:/Users/JACK/Desktop/ov5640_multi_moving_detect4/ip_repo/VIP_moving_detect_1.0/hdl/VIP_moving_detect.v:]
WARNING: [filemgmt 56-99] Vivado Synthesis ignores library specification for Verilog or SystemVerilog files. [c:/Users/JACK/Desktop/ov5640_multi_moving_detect4/ip_repo/VIP_moving_detect_1.0/hdl/VIP_moving_detect_v1_0_S0_AXI.v:]
WARNING: [filemgmt 56-99] Vivado Synthesis ignores library specification for Verilog or SystemVerilog files. [c:/Users/JACK/Desktop/ov5640_multi_moving_detect4/ip_repo/VIP_moving_detect_1.0/hdl/rgb2gray.v:]
WARNING: [filemgmt 56-99] Vivado Synthesis ignores library specification for Verilog or SystemVerilog files. [c:/Users/JACK/Desktop/ov5640_multi_moving_detect4/ip_repo/VIP_moving_detect_1.0/hdl/VIP_moving_detect_v1_0.v:]
update_compile_order -fileset sources_1
set_property core_revision 26 [ipx::current_core]
ipx::update_source_project_archive -component [ipx::current_core]
ipx::create_xgui_files [ipx::current_core]
ipx::update_checksums [ipx::current_core]
ipx::save_core [ipx::current_core]
ipx::move_temp_component_back -component [ipx::current_core]
close_project -delete
update_ip_catalog -rebuild -repo_path c:/Users/JACK/Desktop/ov5640_multi_moving_detect4/ip_repo
INFO: [IP_Flow 19-725] Reloaded user IP repository 'c:/Users/JACK/Desktop/ov5640_multi_moving_detect4/ip_repo'
report_ip_status -name ip_status 
upgrade_ip -vlnv xilinx.com:user:VIP_moving_detect:1.0 [get_ips  system_VIP_moving_detect_0_0] -log ip_upgrade.log
Upgrading 'C:/Users/JACK/Desktop/ov5640_multi_moving_detect4/ov5640_multi_moving_detect3.srcs/sources_1/bd/system/system.bd'
INFO: [IP_Flow 19-3422] Upgraded system_VIP_moving_detect_0_0 (VIP_moving_detect_v1.0 1.0) from revision 24 to revision 26
Wrote  : <C:\Users\JACK\Desktop\ov5640_multi_moving_detect4\ov5640_multi_moving_detect3.srcs\sources_1\bd\system\system.bd> 
Wrote  : <C:/Users/JACK/Desktop/ov5640_multi_moving_detect4/ov5640_multi_moving_detect3.srcs/sources_1/bd/system/ui/bd_c954508f.ui> 
INFO: [Coretcl 2-1525] Wrote upgrade log to 'C:/Users/JACK/Desktop/ov5640_multi_moving_detect4/ip_upgrade.log'.
export_ip_user_files -of_objects [get_ips system_VIP_moving_detect_0_0] -no_script -sync -force -quiet
generate_target all [get_files  C:/Users/JACK/Desktop/ov5640_multi_moving_detect4/ov5640_multi_moving_detect3.srcs/sources_1/bd/system/system.bd]
CRITICAL WARNING: [BD 41-967] AXI interface pin /VIP_moving_detect_0/S0_AXI is not associated to any clock pin. It may not work correctly.
CRITICAL WARNING: [BD 41-967] AXI interface pin /VIP_moving_detect_0/s0_axis_video is not associated to any clock pin. It may not work correctly.
CRITICAL WARNING: [BD 41-967] AXI interface pin /VIP_moving_detect_0/s1_axis_video is not associated to any clock pin. It may not work correctly.
CRITICAL WARNING: [BD 41-967] AXI interface pin /VIP_moving_detect_0/m_axis_video is not associated to any clock pin. It may not work correctly.
Wrote  : <C:\Users\JACK\Desktop\ov5640_multi_moving_detect4\ov5640_multi_moving_detect3.srcs\sources_1\bd\system\system.bd> 
VHDL Output written to : C:/Users/JACK/Desktop/ov5640_multi_moving_detect4/ov5640_multi_moving_detect3.srcs/sources_1/bd/system/synth/system.v
VHDL Output written to : C:/Users/JACK/Desktop/ov5640_multi_moving_detect4/ov5640_multi_moving_detect3.srcs/sources_1/bd/system/sim/system.v
VHDL Output written to : C:/Users/JACK/Desktop/ov5640_multi_moving_detect4/ov5640_multi_moving_detect3.srcs/sources_1/bd/system/hdl/system_wrapper.v
INFO: [BD 41-1029] Generation completed for the IP Integrator block processing_system7_0 .
INFO: [BD 41-1029] Generation completed for the IP Integrator block axi_vdma_0 .
Exporting to file c:/Users/JACK/Desktop/ov5640_multi_moving_detect4/ov5640_multi_moving_detect3.srcs/sources_1/bd/system/ip/system_axi_smc_0/bd_0/hw_handoff/system_axi_smc_0.hwh
Generated Block Design Tcl file c:/Users/JACK/Desktop/ov5640_multi_moving_detect4/ov5640_multi_moving_detect3.srcs/sources_1/bd/system/ip/system_axi_smc_0/bd_0/hw_handoff/system_axi_smc_0_bd.tcl
Generated Hardware Definition File c:/Users/JACK/Desktop/ov5640_multi_moving_detect4/ov5640_multi_moving_detect3.srcs/sources_1/bd/system/ip/system_axi_smc_0/bd_0/synth/system_axi_smc_0.hwdef
INFO: [BD 41-1029] Generation completed for the IP Integrator block axi_smc .
INFO: [BD 41-1029] Generation completed for the IP Integrator block rst_ps7_0_100M .
INFO: [BD 41-1029] Generation completed for the IP Integrator block v_axi4s_vid_out_0 .
INFO: [BD 41-1029] Generation completed for the IP Integrator block xlconstant_0 .
INFO: [BD 41-1029] Generation completed for the IP Integrator block v_tc_0 .
INFO: [BD 41-1029] Generation completed for the IP Integrator block clk_wiz_0 .
INFO: [BD 41-1029] Generation completed for the IP Integrator block v_vid_in_axi4s_0 .
INFO: [BD 41-1029] Generation completed for the IP Integrator block ov5640_capture_data_1 .
INFO: [BD 41-1029] Generation completed for the IP Integrator block axi_vdma_1 .
INFO: [BD 41-1029] Generation completed for the IP Integrator block axis_broadcaster_0 .
INFO: [BD 41-1029] Generation completed for the IP Integrator block audio_loopback_0 .
INFO: [BD 41-1029] Generation completed for the IP Integrator block ps7_0_axi_periph/xbar .
INFO: [BD 41-1029] Generation completed for the IP Integrator block VIP_moving_detect_0 .
WARNING: [IP_Flow 19-4994] Overwriting existing constraint file 'c:/Users/JACK/Desktop/ov5640_multi_moving_detect4/ov5640_multi_moving_detect3.srcs/sources_1/bd/system/ip/system_auto_pc_0/system_auto_pc_0_ooc.xdc'
INFO: [BD 41-1029] Generation completed for the IP Integrator block ps7_0_axi_periph/s00_couplers/auto_pc .
Exporting to file C:/Users/JACK/Desktop/ov5640_multi_moving_detect4/ov5640_multi_moving_detect3.srcs/sources_1/bd/system/hw_handoff/system.hwh
Generated Block Design Tcl file C:/Users/JACK/Desktop/ov5640_multi_moving_detect4/ov5640_multi_moving_detect3.srcs/sources_1/bd/system/hw_handoff/system_bd.tcl
Generated Hardware Definition File C:/Users/JACK/Desktop/ov5640_multi_moving_detect4/ov5640_multi_moving_detect3.srcs/sources_1/bd/system/synth/system.hwdef
WARNING: [BD 41-2265] Clock pin for protocol instance pin S0_AXI could not be determined. Make sure that ASSOCIATED_BUSIF and ASSOCIATED_RESET properties are set or propagated on clock pins of block /VIP_moving_detect_0
WARNING: [BD 41-2265] Clock pin for protocol instance pin s0_axis_video could not be determined. Make sure that ASSOCIATED_BUSIF and ASSOCIATED_RESET properties are set or propagated on clock pins of block /VIP_moving_detect_0
WARNING: [BD 41-2265] Clock pin for protocol instance pin s1_axis_video could not be determined. Make sure that ASSOCIATED_BUSIF and ASSOCIATED_RESET properties are set or propagated on clock pins of block /VIP_moving_detect_0
WARNING: [BD 41-2265] Clock pin for protocol instance pin m_axis_video could not be determined. Make sure that ASSOCIATED_BUSIF and ASSOCIATED_RESET properties are set or propagated on clock pins of block /VIP_moving_detect_0
generate_target: Time (s): cpu = 00:00:26 ; elapsed = 00:00:29 . Memory (MB): peak = 1805.734 ; gain = 14.512
export_ip_user_files -of_objects [get_files C:/Users/JACK/Desktop/ov5640_multi_moving_detect4/ov5640_multi_moving_detect3.srcs/sources_1/bd/system/system.bd] -no_script -sync -force -quiet
export_simulation -of_objects [get_files C:/Users/JACK/Desktop/ov5640_multi_moving_detect4/ov5640_multi_moving_detect3.srcs/sources_1/bd/system/system.bd] -directory C:/Users/JACK/Desktop/ov5640_multi_moving_detect4/ov5640_multi_moving_detect3.ip_user_files/sim_scripts -ip_user_files_dir C:/Users/JACK/Desktop/ov5640_multi_moving_detect4/ov5640_multi_moving_detect3.ip_user_files -ipstatic_source_dir C:/Users/JACK/Desktop/ov5640_multi_moving_detect4/ov5640_multi_moving_detect3.ip_user_files/ipstatic -lib_map_path [list {modelsim=C:/Users/JACK/Desktop/ov5640_multi_moving_detect4/ov5640_multi_moving_detect3.cache/compile_simlib/modelsim} {questa=C:/Users/JACK/Desktop/ov5640_multi_moving_detect4/ov5640_multi_moving_detect3.cache/compile_simlib/questa} {riviera=C:/Users/JACK/Desktop/ov5640_multi_moving_detect4/ov5640_multi_moving_detect3.cache/compile_simlib/riviera} {activehdl=C:/Users/JACK/Desktop/ov5640_multi_moving_detect4/ov5640_multi_moving_detect3.cache/compile_simlib/activehdl}] -use_ip_compiled_libs -force -quiet
reset_run synth_1
launch_runs impl_1 -jobs 6
[Sat Nov  5 21:24:09 2022] Launched synth_1...
Run output will be captured here: C:/Users/JACK/Desktop/ov5640_multi_moving_detect4/ov5640_multi_moving_detect3.runs/synth_1/runme.log
[Sat Nov  5 21:24:09 2022] Launched impl_1...
Run output will be captured here: C:/Users/JACK/Desktop/ov5640_multi_moving_detect4/ov5640_multi_moving_detect3.runs/impl_1/runme.log
launch_runs impl_1 -to_step write_bitstream -jobs 6
[Sat Nov  5 21:35:10 2022] Launched impl_1...
Run output will be captured here: C:/Users/JACK/Desktop/ov5640_multi_moving_detect4/ov5640_multi_moving_detect3.runs/impl_1/runme.log
write_hw_platform -fixed -force  -file C:/Users/JACK/Desktop/ov5640_multi_moving_detect4/system_wrapper.xsa
INFO: [Vivado 12-4895] Creating Hardware Platform: C:/Users/JACK/Desktop/ov5640_multi_moving_detect4/system_wrapper.xsa ...
INFO: [Vivado 12-4896] Successfully created Hardware Platform: C:/Users/JACK/Desktop/ov5640_multi_moving_detect4/system_wrapper.xsa
write_hw_platform: Time (s): cpu = 00:00:05 ; elapsed = 00:00:05 . Memory (MB): peak = 1805.734 ; gain = 0.000
